[0] /home/mallen/paquetes/concorde/TSP/concorde -x tsp_raw.tsp
[0] Host: kernighan  Current process id: 3895
[0] Using random seed 1379432283
[0] Problem Name: pairs_raw.txt
[0] Problem Type: TSP
[0] Generated by ../matriz.pl date  Tue Sep 17 10 38 03 2013; offset=10000; Smith-Waterman algorithm with MATCH=1, MISMATCH=-3 and GAP=-2
[0] Number of Nodes: 40
[0] Explicit Lengths (CC_MATRIXNORM)
[0] Set initial upperbound to 388501 (from tour)
[0] Basic dual change required, but no candidate edges
[0]   LP Value  1: 388334.500000  (0.00 seconds)
[0]   LP Value  2: 388479.000000  (0.00 seconds)
[0]   LP Value  3: 388494.000000  (0.00 seconds)
[0]   LP Value  4: 388501.000000  (0.00 seconds)
[0] New lower bound: 388501.000000
[0] Final lower bound 388501.000000, upper bound 388501.000000
[0] Exact lower bound: 388501.000000
[0] DIFF: 0.000000
[0] Final LP has 48 rows, 185 columns, 544 nonzeros
[0] Optimal Solution: 388501.00
[0] Number of bbnodes: 1
[0] Total Running Time: 0.01 (seconds)
