[0] /home/mallen/paquetes/concorde/TSP/concorde -x tsp_raw.tsp
[0] Host: kernighan  Current process id: 3744
[0] Using random seed 1379429632
[0] Problem Name: pairs_raw.txt
[0] Problem Type: TSP
[0] Generated by ../matriz.pl date  Tue Sep 17 09 53 52 2013; offset=10000; Smith-Waterman algorithm with MATCH=1, MISMATCH=-3 and GAP=-2
[0] Number of Nodes: 69
[0] Explicit Lengths (CC_MATRIXNORM)
[0] Set initial upperbound to 668557 (from tour)
[0]   LP Value  1: 668365.500000  (0.00 seconds)
[0]   LP Value  2: 668530.500000  (0.01 seconds)
[0]   LP Value  3: 668557.000000  (0.01 seconds)
[0] New lower bound: 668556.666667
[0] Final lower bound 668556.666667, upper bound 668557.000000
[0] Exact lower bound: 668557.000000
[0] DIFF: -0.333333
[0] Final LP has 90 rows, 245 columns, 980 nonzeros
[0] Optimal Solution: 668557.00
[0] Number of bbnodes: 1
[0] Total Running Time: 0.05 (seconds)
