[0] /home/mallen/paquetes/concorde/TSP/concorde -x tsp_conservative.tsp
[0] Host: kernighan  Current process id: 3753
[0] Using random seed 1379429632
[0] Problem Name: pairs_conservative.txt
[0] Problem Type: TSP
[0] Generated by ../matriz.pl date  Tue Sep 17 09 53 52 2013; offset=10000; Smith-Waterman algorithm with MATCH=1, MISMATCH=-3 and GAP=-2
[0] Number of Nodes: 69
[0] Explicit Lengths (CC_MATRIXNORM)
[0] Set initial upperbound to 668729 (from tour)
[0]   LP Value  1: 668523.000000  (0.00 seconds)
[0]   LP Value  2: 668677.000000  (0.01 seconds)
[0]   LP Value  3: 668719.875000  (0.02 seconds)
[0]   LP Value  4: 668729.000000  (0.02 seconds)
[0] New lower bound: 668729.000000
[0] Final lower bound 668729.000000, upper bound 668729.000000
[0] Exact lower bound: 668729.000000
[0] DIFF: 0.000000
[0] Final LP has 104 rows, 184 columns, 1206 nonzeros
[0] Optimal Solution: 668729.00
[0] Number of bbnodes: 1
[0] Total Running Time: 0.06 (seconds)
